[Thu Nov 19 12:48:21 2015] [debug] GET "/v1/bookcases/2/works"
[Thu Nov 19 12:48:21 2015] [debug] Controller "FantlabBookcases::Bookcasework" does not exist
[Thu Nov 19 12:48:21 2015] [debug] Template "bookcaseWork/index.html.ep" not found
[Thu Nov 19 12:48:21 2015] [debug] Template "not_found.development.html.ep" not found
[Thu Nov 19 12:48:21 2015] [debug] Template "not_found.html.ep" not found
[Thu Nov 19 12:48:21 2015] [debug] Rendering template "mojo/debug.html.ep"
[Thu Nov 19 12:48:21 2015] [debug] Rendering template "mojo/menubar.html.ep"
[Thu Nov 19 12:48:21 2015] [debug] Your secret passphrase needs to be changed
[Thu Nov 19 12:48:21 2015] [debug] 404 Not Found (0.029643s, 33.735/s)
[Thu Nov 19 12:48:22 2015] [debug] GET "/v1/bookcases/2/works"
[Thu Nov 19 12:48:22 2015] [debug] Controller "FantlabBookcases::Bookcasework" does not exist
[Thu Nov 19 12:48:22 2015] [debug] Template "bookcaseWork/index.html.ep" not found
[Thu Nov 19 12:48:22 2015] [debug] Template "not_found.development.html.ep" not found
[Thu Nov 19 12:48:22 2015] [debug] Template "not_found.html.ep" not found
[Thu Nov 19 12:48:22 2015] [debug] Rendering cached template "mojo/debug.html.ep"
[Thu Nov 19 12:48:22 2015] [debug] Rendering cached template "mojo/menubar.html.ep"
[Thu Nov 19 12:48:22 2015] [debug] 404 Not Found (0.014533s, 68.809/s)
[Thu Nov 19 12:48:59 2015] [debug] GET "/v1/bookcases/2/works"
[Thu Nov 19 12:48:59 2015] [error] FantlabBookcases/Controller/BookcaseWork.pm did not return a true value at (eval 85) line 1.

[Thu Nov 19 12:48:59 2015] [debug] Template "exception.development.html.ep" not found
[Thu Nov 19 12:48:59 2015] [debug] Template "exception.html.ep" not found
[Thu Nov 19 12:48:59 2015] [debug] Rendering template "mojo/debug.html.ep"
[Thu Nov 19 12:48:59 2015] [debug] Rendering template "mojo/menubar.html.ep"
[Thu Nov 19 12:48:59 2015] [debug] Your secret passphrase needs to be changed
[Thu Nov 19 12:48:59 2015] [debug] 500 Internal Server Error (0.039332s, 25.425/s)
[Thu Nov 19 12:49:29 2015] [debug] GET "/v1/bookcases/2/works"
[Thu Nov 19 12:49:29 2015] [error] FantlabBookcases/Controller/BookcaseWork.pm did not return a true value at (eval 85) line 1.

[Thu Nov 19 12:49:29 2015] [debug] Template "exception.development.html.ep" not found
[Thu Nov 19 12:49:29 2015] [debug] Template "exception.html.ep" not found
[Thu Nov 19 12:49:29 2015] [debug] Rendering template "mojo/debug.html.ep"
[Thu Nov 19 12:49:29 2015] [debug] Rendering template "mojo/menubar.html.ep"
[Thu Nov 19 12:49:29 2015] [debug] Your secret passphrase needs to be changed
[Thu Nov 19 12:49:29 2015] [debug] 500 Internal Server Error (0.026784s, 37.336/s)
[Thu Nov 19 12:49:30 2015] [debug] GET "/v1/bookcases/2/works"
[Thu Nov 19 12:49:30 2015] [debug] Routing to controller "FantlabBookcases::Controller::BookcaseWork" and action "index"
[Thu Nov 19 12:49:30 2015] [debug] 200 OK (0.000693s, 1443.001/s)
[Thu Nov 19 12:49:31 2015] [debug] GET "/v1/bookcases/2/works"
[Thu Nov 19 12:49:31 2015] [debug] Routing to controller "FantlabBookcases::Controller::BookcaseWork" and action "index"
[Thu Nov 19 12:49:31 2015] [debug] 200 OK (0.000821s, 1218.027/s)
[Thu Nov 19 12:49:32 2015] [debug] GET "/v1/bookcases/2/works"
[Thu Nov 19 12:49:32 2015] [debug] Routing to controller "FantlabBookcases::Controller::BookcaseWork" and action "index"
[Thu Nov 19 12:49:32 2015] [debug] 200 OK (0.000720s, 1388.889/s)
[Thu Nov 19 12:49:32 2015] [debug] GET "/v1/bookcases/2/works"
[Thu Nov 19 12:49:32 2015] [debug] Routing to controller "FantlabBookcases::Controller::BookcaseWork" and action "index"
[Thu Nov 19 12:49:32 2015] [debug] 200 OK (0.000387s, 2583.979/s)
[Thu Nov 19 12:49:32 2015] [debug] GET "/v1/bookcases/2/works"
[Thu Nov 19 12:49:32 2015] [debug] Routing to controller "FantlabBookcases::Controller::BookcaseWork" and action "index"
[Thu Nov 19 12:49:32 2015] [debug] 200 OK (0.000523s, 1912.046/s)
[Thu Nov 19 12:49:33 2015] [debug] GET "/v1/bookcases/2/works"
[Thu Nov 19 12:49:33 2015] [debug] Routing to controller "FantlabBookcases::Controller::BookcaseWork" and action "index"
[Thu Nov 19 12:49:33 2015] [debug] 200 OK (0.000439s, 2277.904/s)
[Thu Nov 19 12:50:12 2015] [debug] GET "/v1/bookcases/2/works"
[Thu Nov 19 12:50:12 2015] [error] FantlabBookcases/Controller/BookcaseWork.pm did not return a true value at (eval 85) line 1.

[Thu Nov 19 12:50:12 2015] [debug] Template "exception.development.html.ep" not found
[Thu Nov 19 12:50:12 2015] [debug] Template "exception.html.ep" not found
[Thu Nov 19 12:50:12 2015] [debug] Rendering template "mojo/debug.html.ep"
[Thu Nov 19 12:50:12 2015] [debug] Rendering template "mojo/menubar.html.ep"
[Thu Nov 19 12:50:12 2015] [debug] Your secret passphrase needs to be changed
[Thu Nov 19 12:50:12 2015] [debug] 500 Internal Server Error (0.034523s, 28.966/s)
[Thu Nov 19 12:50:13 2015] [debug] GET "/v1/bookcases/2/works"
[Thu Nov 19 12:50:13 2015] [debug] Routing to controller "FantlabBookcases::Controller::BookcaseWork" and action "index"
[Thu Nov 19 12:50:13 2015] [debug] 200 OK (0.000748s, 1336.898/s)
[Thu Nov 19 12:50:14 2015] [debug] GET "/v1/bookcases/2/works"
[Thu Nov 19 12:50:14 2015] [debug] Routing to controller "FantlabBookcases::Controller::BookcaseWork" and action "index"
[Thu Nov 19 12:50:14 2015] [debug] 200 OK (0.000734s, 1362.398/s)
[Thu Nov 19 12:50:15 2015] [debug] GET "/v1/bookcases/2/works"
[Thu Nov 19 12:50:15 2015] [debug] Routing to controller "FantlabBookcases::Controller::BookcaseWork" and action "index"
[Thu Nov 19 12:50:15 2015] [debug] 200 OK (0.000732s, 1366.120/s)
[Thu Nov 19 12:50:15 2015] [debug] GET "/v1/bookcases/2/works"
[Thu Nov 19 12:50:15 2015] [debug] Routing to controller "FantlabBookcases::Controller::BookcaseWork" and action "index"
[Thu Nov 19 12:50:15 2015] [debug] 200 OK (0.000393s, 2544.529/s)
[Thu Nov 19 12:50:15 2015] [debug] GET "/v1/bookcases/2/works"
[Thu Nov 19 12:50:15 2015] [debug] Routing to controller "FantlabBookcases::Controller::BookcaseWork" and action "index"
[Thu Nov 19 12:50:15 2015] [debug] 200 OK (0.000432s, 2314.815/s)
[Thu Nov 19 12:50:16 2015] [debug] GET "/v1/bookcases/2/works"
[Thu Nov 19 12:50:16 2015] [debug] Routing to controller "FantlabBookcases::Controller::BookcaseWork" and action "index"
[Thu Nov 19 12:50:16 2015] [debug] 200 OK (0.000391s, 2557.545/s)
[Thu Nov 19 12:50:16 2015] [debug] GET "/v1/bookcases/2/works"
[Thu Nov 19 12:50:16 2015] [debug] Routing to controller "FantlabBookcases::Controller::BookcaseWork" and action "index"
[Thu Nov 19 12:50:16 2015] [debug] 200 OK (0.000422s, 2369.668/s)
[Thu Nov 19 12:50:16 2015] [debug] GET "/v1/bookcases/2/works"
[Thu Nov 19 12:50:16 2015] [debug] Routing to controller "FantlabBookcases::Controller::BookcaseWork" and action "index"
[Thu Nov 19 12:50:16 2015] [debug] 200 OK (0.000431s, 2320.186/s)
[Thu Nov 19 12:50:16 2015] [debug] GET "/v1/bookcases/2/works"
[Thu Nov 19 12:50:16 2015] [debug] Routing to controller "FantlabBookcases::Controller::BookcaseWork" and action "index"
[Thu Nov 19 12:50:16 2015] [debug] 200 OK (0.000441s, 2267.574/s)
[Thu Nov 19 12:50:17 2015] [debug] GET "/v1/bookcases/2/works"
[Thu Nov 19 12:50:17 2015] [debug] Routing to controller "FantlabBookcases::Controller::BookcaseWork" and action "index"
[Thu Nov 19 12:50:17 2015] [debug] 200 OK (0.000434s, 2304.147/s)
[Thu Nov 19 12:50:17 2015] [debug] GET "/v1/bookcases/2/works"
[Thu Nov 19 12:50:17 2015] [debug] Routing to controller "FantlabBookcases::Controller::BookcaseWork" and action "index"
[Thu Nov 19 12:50:17 2015] [debug] 200 OK (0.000688s, 1453.488/s)
[Thu Nov 19 12:50:18 2015] [debug] GET "/v1/bookcases/2/works/4"
[Thu Nov 19 12:50:18 2015] [debug] Routing to controller "FantlabBookcases::Controller::BookcaseWork" and action "view"
[Thu Nov 19 12:50:18 2015] [debug] 200 OK (0.000722s, 1385.042/s)
[Thu Nov 19 12:50:29 2015] [debug] GET "/v1/bookcases/2/works/4"
[Thu Nov 19 12:50:29 2015] [debug] Routing to controller "FantlabBookcases::Controller::BookcaseWork" and action "view"
[Thu Nov 19 12:50:29 2015] [debug] 200 OK (0.000417s, 2398.082/s)
[Thu Nov 19 12:50:30 2015] [debug] GET "/v1/bookcases/2/works/4"
[Thu Nov 19 12:50:30 2015] [debug] Routing to controller "FantlabBookcases::Controller::BookcaseWork" and action "view"
[Thu Nov 19 12:50:30 2015] [debug] 200 OK (0.000417s, 2398.082/s)
[Thu Nov 19 12:50:31 2015] [debug] GET "/v1/bookcases/2/works/4"
[Thu Nov 19 12:50:31 2015] [debug] Routing to controller "FantlabBookcases::Controller::BookcaseWork" and action "view"
[Thu Nov 19 12:50:31 2015] [debug] 200 OK (0.000400s, 2500.000/s)
[Thu Nov 19 12:50:32 2015] [debug] GET "/v1/bookcases/2/works/4"
[Thu Nov 19 12:50:32 2015] [debug] Routing to controller "FantlabBookcases::Controller::BookcaseWork" and action "view"
[Thu Nov 19 12:50:32 2015] [debug] 200 OK (0.000435s, 2298.851/s)
[Thu Nov 19 12:50:32 2015] [debug] GET "/v1/bookcases/2/works/4"
[Thu Nov 19 12:50:32 2015] [debug] Routing to controller "FantlabBookcases::Controller::BookcaseWork" and action "view"
[Thu Nov 19 12:50:32 2015] [debug] 200 OK (0.000389s, 2570.694/s)
[Thu Nov 19 12:50:33 2015] [debug] GET "/v1/bookcases/2/works/4"
[Thu Nov 19 12:50:33 2015] [debug] Routing to controller "FantlabBookcases::Controller::BookcaseWork" and action "view"
[Thu Nov 19 12:50:33 2015] [debug] 200 OK (0.000416s, 2403.846/s)
[Thu Nov 19 12:50:34 2015] [debug] GET "/v1/bookcases/2/works/4"
[Thu Nov 19 12:50:34 2015] [debug] Routing to controller "FantlabBookcases::Controller::BookcaseWork" and action "view"
[Thu Nov 19 12:50:34 2015] [debug] 200 OK (0.000368s, 2717.391/s)
[Thu Nov 19 12:50:35 2015] [debug] GET "/v1/bookcases/2/works/4"
[Thu Nov 19 12:50:35 2015] [debug] Routing to controller "FantlabBookcases::Controller::BookcaseWork" and action "view"
[Thu Nov 19 12:50:35 2015] [debug] 200 OK (0.000386s, 2590.674/s)
[Thu Nov 19 12:50:36 2015] [debug] GET "/v1/bookcases/2/works/4"
[Thu Nov 19 12:50:36 2015] [debug] Routing to controller "FantlabBookcases::Controller::BookcaseWork" and action "view"
[Thu Nov 19 12:50:36 2015] [debug] 200 OK (0.000415s, 2409.639/s)
[Thu Nov 19 12:52:54 2015] [debug] GET "/v1/bookcases/2/works"
[Thu Nov 19 12:52:54 2015] [error] FantlabBookcases/Controller/BookcaseWork.pm did not return a true value at (eval 85) line 1.

[Thu Nov 19 12:52:54 2015] [debug] Template "exception.development.html.ep" not found
[Thu Nov 19 12:52:54 2015] [debug] Template "exception.html.ep" not found
[Thu Nov 19 12:52:54 2015] [debug] Rendering template "mojo/debug.html.ep"
[Thu Nov 19 12:52:54 2015] [debug] Rendering template "mojo/menubar.html.ep"
[Thu Nov 19 12:52:54 2015] [debug] Your secret passphrase needs to be changed
[Thu Nov 19 12:52:54 2015] [debug] 500 Internal Server Error (0.049141s, 20.350/s)
